<?xml version="1.0" encoding="UTF-8"?>
<!-- Generated by org.testng.reporters.JUnitReportReporter -->
<testsuite skipped="0" hostname="DESKTOP-JRH31QL" name="com.mycompany.app.SeleniumTest" tests="2" failures="0" timestamp="29 Jun 2019 06:40:11 GMT" time="0.019" errors="0">
  <testcase name="elementsUi" time="0.003" classname="com.mycompany.app.SeleniumTest"/>
  <testcase name="BrowserAUtomation" time="0.016" classname="com.mycompany.app.SeleniumTest"/>
</testsuite> <!-- com.mycompany.app.SeleniumTest -->
