<?xml version="1.0" encoding="UTF-8"?>
<!-- Generated by org.testng.reporters.JUnitReportReporter -->
<testsuite skipped="0" hostname="DESKTOP-JRH31QL" name="com.mycompany.app.AppiumTest" tests="2" failures="0" timestamp="29 Jun 2019 06:40:11 GMT" time="0.004" errors="0">
  <testcase name="NativeApAndroid" time="0.002" classname="com.mycompany.app.AppiumTest"/>
  <testcase name="IOSApps" time="0.002" classname="com.mycompany.app.AppiumTest"/>
</testsuite> <!-- com.mycompany.app.AppiumTest -->
