<?xml version="1.0" encoding="UTF-8"?>
<!-- Generated by org.testng.reporters.JUnitReportReporter -->
<testsuite skipped="0" hostname="DESKTOP-JRH31QL" name="com.mycompany.app.RESTAPITest" tests="2" failures="0" timestamp="29 Jun 2019 06:40:11 GMT" time="0.004" errors="0">
  <testcase name="deleteTwitter" time="0.002" classname="com.mycompany.app.RESTAPITest"/>
  <testcase name="postJira" time="0.002" classname="com.mycompany.app.RESTAPITest"/>
</testsuite> <!-- com.mycompany.app.RESTAPITest -->
