<?xml version="1.0" encoding="UTF-8"?>
<!-- Generated by org.testng.reporters.JUnitReportReporter -->
<testsuite hostname="DESKTOP-JRH31QL" name="com.mycompany.app.AppiumTest" tests="2" failures="0" timestamp="22 Jul 2019 05:05:49 GMT" time="0.009" errors="0">
  <testcase name="IOSApps" time="0.008" classname="com.mycompany.app.AppiumTest"/>
  <testcase name="NativeApAndroid" time="0.001" classname="com.mycompany.app.AppiumTest"/>
</testsuite> <!-- com.mycompany.app.AppiumTest -->
