<?xml version="1.0" encoding="UTF-8"?>
<!-- Generated by org.testng.reporters.JUnitReportReporter -->
<testsuite hostname="DESKTOP-JRH31QL" name="com.mycompany.app.SeleniumTest" tests="2" failures="0" timestamp="22 Jul 2019 05:05:49 GMT" time="0.002" errors="0">
  <testcase name="BrowserAUtomation" time="0.001" classname="com.mycompany.app.SeleniumTest"/>
  <testcase name="elementsUi" time="0.001" classname="com.mycompany.app.SeleniumTest"/>
</testsuite> <!-- com.mycompany.app.SeleniumTest -->
